0 info it worked if it ends with ok
1 verbose cli [ '/usr/local/bin/node',
1 verbose cli   '/Users/saibotsivad/Development/npm_global/bin/npm',
1 verbose cli   'run',
1 verbose cli   'build' ]
2 info using npm@3.10.5
3 info using node@v6.8.1
4 verbose stack Error: missing script: build
4 verbose stack     at run (/Users/saibotsivad/Development/npm_global/lib/node_modules/npm/lib/run-script.js:151:19)
4 verbose stack     at /Users/saibotsivad/Development/npm_global/lib/node_modules/npm/lib/run-script.js:61:5
4 verbose stack     at /Users/saibotsivad/Development/npm_global/lib/node_modules/npm/node_modules/read-package-json/read-json.js:356:5
4 verbose stack     at checkBinReferences_ (/Users/saibotsivad/Development/npm_global/lib/node_modules/npm/node_modules/read-package-json/read-json.js:320:45)
4 verbose stack     at final (/Users/saibotsivad/Development/npm_global/lib/node_modules/npm/node_modules/read-package-json/read-json.js:354:3)
4 verbose stack     at then (/Users/saibotsivad/Development/npm_global/lib/node_modules/npm/node_modules/read-package-json/read-json.js:124:5)
4 verbose stack     at /Users/saibotsivad/Development/npm_global/lib/node_modules/npm/node_modules/read-package-json/read-json.js:311:12
4 verbose stack     at /Users/saibotsivad/Development/npm_global/lib/node_modules/npm/node_modules/graceful-fs/graceful-fs.js:78:16
4 verbose stack     at tryToString (fs.js:455:3)
4 verbose stack     at FSReqWrap.readFileAfterClose [as oncomplete] (fs.js:442:12)
5 verbose cwd /Users/saibotsivad/Development/git/saibotsivad/hex2words
6 error Darwin 15.6.0
7 error argv "/usr/local/bin/node" "/Users/saibotsivad/Development/npm_global/bin/npm" "run" "build"
8 error node v6.8.1
9 error npm  v3.10.5
10 error missing script: build
11 error If you need help, you may report this error at:
11 error     <https://github.com/npm/npm/issues>
12 verbose exit [ 1, true ]
